<?xml version="1.0" encoding="UTF-8"?>
<testng-results skipped="0" failed="0" total="0" passed="0">
  <reporter-output>
  </reporter-output>
  <suite name="Suite" duration-ms="45877" started-at="2016-07-05T05:40:47Z" finished-at="2016-07-05T05:41:33Z">
    <groups>
    </groups>
    <test name="Test" duration-ms="45877" started-at="2016-07-05T05:40:47Z" finished-at="2016-07-05T05:41:33Z">
      <class name="com.calsoft.nexenta.vcp.SikuliTest">
        <test-method status="PASS" signature="setUp()[pri:0, instance:com.calsoft.nexenta.vcp.SikuliTest@478afc05]" name="setUp" is-config="true" duration-ms="44259" started-at="2016-07-05T11:10:47Z" finished-at="2016-07-05T11:11:32Z">
          <reporter-output>
          </reporter-output>
        </test-method> <!-- setUp -->
        <test-method status="PASS" signature="tearDown()[pri:0, instance:com.calsoft.nexenta.vcp.SikuliTest@478afc05]" name="tearDown" is-config="true" duration-ms="1597" started-at="2016-07-05T11:11:32Z" finished-at="2016-07-05T11:11:33Z">
          <reporter-output>
          </reporter-output>
        </test-method> <!-- tearDown -->
      </class> <!-- com.calsoft.nexenta.vcp.SikuliTest -->
    </test> <!-- Test -->
  </suite> <!-- Suite -->
</testng-results>
